<?xml version="1.0" encoding="UTF-8"?>
<!-- Generated by org.testng.reporters.JUnitXMLReporter -->
<testsuite ignored="0" hostname="DESKTOP-TAKAIVJ" failures="0" tests="9" name="UI Automation Test" time="125.494" errors="0" timestamp="2026-03-10T09:51:33 IST">
  <testcase classname="com.ui.tests.TestBase" name="@BeforeMethod setUp" time="104.418">
    <failure type="org.openqa.selenium.SessionNotCreatedException" message="Could not start a new session. Response code 500. Message: session not created: DevToolsActivePort file doesn&amp;apos;t exist 
Host info: host: &amp;apos;DESKTOP-TAKAIVJ&amp;apos;, ip: &amp;apos;192.168.31.115&amp;apos;
Build info: version: &amp;apos;4.41.0&amp;apos;, revision: &amp;apos;9fc754f&amp;apos;
System info: os.name: &amp;apos;Windows 10&amp;apos;, os.arch: &amp;apos;amd64&amp;apos;, os.version: &amp;apos;10.0&amp;apos;, java.version: &amp;apos;21.0.8&amp;apos;
Driver info: org.openqa.selenium.chrome.ChromeDriver
Command: [null, newSession {capabilities=[Capabilities {browserName: chrome, goog:chromeOptions: {args: [], binary: C:\Program Files\Google\Chr..., extensions: []}}]}]">
      <![CDATA[org.openqa.selenium.SessionNotCreatedException: Could not start a new session. Response code 500. Message: session not created: DevToolsActivePort file doesn't exist 
Host info: host: 'DESKTOP-TAKAIVJ', ip: '192.168.31.115'
Build info: version: '4.41.0', revision: '9fc754f'
System info: os.name: 'Windows 10', os.arch: 'amd64', os.version: '10.0', java.version: '21.0.8'
Driver info: org.openqa.selenium.chrome.ChromeDriver
Command: [null, newSession {capabilities=[Capabilities {browserName: chrome, goog:chromeOptions: {args: [], binary: C:\Program Files\Google\Chr..., extensions: []}}]}]
at org.openqa.selenium.remote.ProtocolHandshake.createSession(ProtocolHandshake.java:114)
at org.openqa.selenium.remote.ProtocolHandshake.createSession(ProtocolHandshake.java:75)
at org.openqa.selenium.remote.ProtocolHandshake.createSession(ProtocolHandshake.java:61)
at org.openqa.selenium.remote.HttpCommandExecutor.execute(HttpCommandExecutor.java:195)
at org.openqa.selenium.remote.service.DriverCommandExecutor.invokeExecute(DriverCommandExecutor.java:216)
at org.openqa.selenium.remote.service.DriverCommandExecutor.execute(DriverCommandExecutor.java:174)
at org.openqa.selenium.remote.RemoteWebDriver.execute(RemoteWebDriver.java:604)
at org.openqa.selenium.remote.RemoteWebDriver.startSession(RemoteWebDriver.java:288)
at org.openqa.selenium.remote.RemoteWebDriver.<init>(RemoteWebDriver.java:211)
at org.openqa.selenium.chromium.ChromiumDriver.<init>(ChromiumDriver.java:115)
at org.openqa.selenium.chrome.ChromeDriver.<init>(ChromeDriver.java:92)
at org.openqa.selenium.chrome.ChromeDriver.<init>(ChromeDriver.java:87)
at org.openqa.selenium.chrome.ChromeDriver.<init>(ChromeDriver.java:51)
at com.utility.BrowserUtility.<init>(BrowserUtility.java:46)
at com.ui.pages.HomePage.<init>(HomePage.java:16)
at com.ui.tests.TestBase.setUp(TestBase.java:20)
at java.base/java.util.concurrent.Executors$RunnableAdapter.call(Executors.java:572)
at java.base/java.util.concurrent.FutureTask.run(FutureTask.java:317)
at java.base/java.util.concurrent.ThreadPoolExecutor.runWorker(ThreadPoolExecutor.java:1144)
at java.base/java.util.concurrent.ThreadPoolExecutor$Worker.run(ThreadPoolExecutor.java:642)
at java.base/java.lang.Thread.run(Thread.java:1583)
... Removed 15 stack frames]]>
    </failure>
  </testcase> <!-- @BeforeMethod setUp -->
  <testcase classname="com.ui.tests.TestBase" name="@BeforeMethod setUp" time="123.449">
    <failure type="org.openqa.selenium.SessionNotCreatedException" message="Could not start a new session. Response code 500. Message: session not created: DevToolsActivePort file doesn&amp;apos;t exist 
Host info: host: &amp;apos;DESKTOP-TAKAIVJ&amp;apos;, ip: &amp;apos;192.168.31.115&amp;apos;
Build info: version: &amp;apos;4.41.0&amp;apos;, revision: &amp;apos;9fc754f&amp;apos;
System info: os.name: &amp;apos;Windows 10&amp;apos;, os.arch: &amp;apos;amd64&amp;apos;, os.version: &amp;apos;10.0&amp;apos;, java.version: &amp;apos;21.0.8&amp;apos;
Driver info: org.openqa.selenium.chrome.ChromeDriver
Command: [null, newSession {capabilities=[Capabilities {browserName: chrome, goog:chromeOptions: {args: [], binary: C:\Program Files\Google\Chr..., extensions: []}}]}]">
      <![CDATA[org.openqa.selenium.SessionNotCreatedException: Could not start a new session. Response code 500. Message: session not created: DevToolsActivePort file doesn't exist 
Host info: host: 'DESKTOP-TAKAIVJ', ip: '192.168.31.115'
Build info: version: '4.41.0', revision: '9fc754f'
System info: os.name: 'Windows 10', os.arch: 'amd64', os.version: '10.0', java.version: '21.0.8'
Driver info: org.openqa.selenium.chrome.ChromeDriver
Command: [null, newSession {capabilities=[Capabilities {browserName: chrome, goog:chromeOptions: {args: [], binary: C:\Program Files\Google\Chr..., extensions: []}}]}]
at org.openqa.selenium.remote.ProtocolHandshake.createSession(ProtocolHandshake.java:114)
at org.openqa.selenium.remote.ProtocolHandshake.createSession(ProtocolHandshake.java:75)
at org.openqa.selenium.remote.ProtocolHandshake.createSession(ProtocolHandshake.java:61)
at org.openqa.selenium.remote.HttpCommandExecutor.execute(HttpCommandExecutor.java:195)
at org.openqa.selenium.remote.service.DriverCommandExecutor.invokeExecute(DriverCommandExecutor.java:216)
at org.openqa.selenium.remote.service.DriverCommandExecutor.execute(DriverCommandExecutor.java:174)
at org.openqa.selenium.remote.RemoteWebDriver.execute(RemoteWebDriver.java:604)
at org.openqa.selenium.remote.RemoteWebDriver.startSession(RemoteWebDriver.java:288)
at org.openqa.selenium.remote.RemoteWebDriver.<init>(RemoteWebDriver.java:211)
at org.openqa.selenium.chromium.ChromiumDriver.<init>(ChromiumDriver.java:115)
at org.openqa.selenium.chrome.ChromeDriver.<init>(ChromeDriver.java:92)
at org.openqa.selenium.chrome.ChromeDriver.<init>(ChromeDriver.java:87)
at org.openqa.selenium.chrome.ChromeDriver.<init>(ChromeDriver.java:51)
at com.utility.BrowserUtility.<init>(BrowserUtility.java:46)
at com.ui.pages.HomePage.<init>(HomePage.java:16)
at com.ui.tests.TestBase.setUp(TestBase.java:20)
at java.base/java.util.concurrent.Executors$RunnableAdapter.call(Executors.java:572)
at java.base/java.util.concurrent.FutureTask.run(FutureTask.java:317)
at java.base/java.util.concurrent.ThreadPoolExecutor.runWorker(ThreadPoolExecutor.java:1144)
at java.base/java.util.concurrent.ThreadPoolExecutor$Worker.run(ThreadPoolExecutor.java:642)
at java.base/java.lang.Thread.run(Thread.java:1583)
... Removed 15 stack frames]]>
    </failure>
  </testcase> <!-- @BeforeMethod setUp -->
  <testcase classname="com.ui.tests.TestBase" name="@BeforeMethod setUp" time="123.408">
    <failure type="org.openqa.selenium.SessionNotCreatedException" message="Could not start a new session. Response code 500. Message: session not created: DevToolsActivePort file doesn&amp;apos;t exist 
Host info: host: &amp;apos;DESKTOP-TAKAIVJ&amp;apos;, ip: &amp;apos;192.168.31.115&amp;apos;
Build info: version: &amp;apos;4.41.0&amp;apos;, revision: &amp;apos;9fc754f&amp;apos;
System info: os.name: &amp;apos;Windows 10&amp;apos;, os.arch: &amp;apos;amd64&amp;apos;, os.version: &amp;apos;10.0&amp;apos;, java.version: &amp;apos;21.0.8&amp;apos;
Driver info: org.openqa.selenium.chrome.ChromeDriver
Command: [null, newSession {capabilities=[Capabilities {browserName: chrome, goog:chromeOptions: {args: [], binary: C:\Program Files\Google\Chr..., extensions: []}}]}]">
      <![CDATA[org.openqa.selenium.SessionNotCreatedException: Could not start a new session. Response code 500. Message: session not created: DevToolsActivePort file doesn't exist 
Host info: host: 'DESKTOP-TAKAIVJ', ip: '192.168.31.115'
Build info: version: '4.41.0', revision: '9fc754f'
System info: os.name: 'Windows 10', os.arch: 'amd64', os.version: '10.0', java.version: '21.0.8'
Driver info: org.openqa.selenium.chrome.ChromeDriver
Command: [null, newSession {capabilities=[Capabilities {browserName: chrome, goog:chromeOptions: {args: [], binary: C:\Program Files\Google\Chr..., extensions: []}}]}]
at org.openqa.selenium.remote.ProtocolHandshake.createSession(ProtocolHandshake.java:114)
at org.openqa.selenium.remote.ProtocolHandshake.createSession(ProtocolHandshake.java:75)
at org.openqa.selenium.remote.ProtocolHandshake.createSession(ProtocolHandshake.java:61)
at org.openqa.selenium.remote.HttpCommandExecutor.execute(HttpCommandExecutor.java:195)
at org.openqa.selenium.remote.service.DriverCommandExecutor.invokeExecute(DriverCommandExecutor.java:216)
at org.openqa.selenium.remote.service.DriverCommandExecutor.execute(DriverCommandExecutor.java:174)
at org.openqa.selenium.remote.RemoteWebDriver.execute(RemoteWebDriver.java:604)
at org.openqa.selenium.remote.RemoteWebDriver.startSession(RemoteWebDriver.java:288)
at org.openqa.selenium.remote.RemoteWebDriver.<init>(RemoteWebDriver.java:211)
at org.openqa.selenium.chromium.ChromiumDriver.<init>(ChromiumDriver.java:115)
at org.openqa.selenium.chrome.ChromeDriver.<init>(ChromeDriver.java:92)
at org.openqa.selenium.chrome.ChromeDriver.<init>(ChromeDriver.java:87)
at org.openqa.selenium.chrome.ChromeDriver.<init>(ChromeDriver.java:51)
at com.utility.BrowserUtility.<init>(BrowserUtility.java:46)
at com.ui.pages.HomePage.<init>(HomePage.java:16)
at com.ui.tests.TestBase.setUp(TestBase.java:20)
at java.base/java.util.concurrent.Executors$RunnableAdapter.call(Executors.java:572)
at java.base/java.util.concurrent.FutureTask.run(FutureTask.java:317)
at java.base/java.util.concurrent.ThreadPoolExecutor.runWorker(ThreadPoolExecutor.java:1144)
at java.base/java.util.concurrent.ThreadPoolExecutor$Worker.run(ThreadPoolExecutor.java:642)
at java.base/java.lang.Thread.run(Thread.java:1583)
... Removed 15 stack frames]]>
    </failure>
  </testcase> <!-- @BeforeMethod setUp -->
  <testcase classname="com.ui.tests.TestBase" name="@BeforeMethod setUp" time="0.0">
    <skipped/>
  </testcase> <!-- @BeforeMethod setUp -->
  <testcase classname="com.ui.tests.TestBase" name="@BeforeMethod setUp" time="0.0">
    <skipped/>
  </testcase> <!-- @BeforeMethod setUp -->
  <testcase classname="com.ui.tests.TestBase" name="@BeforeMethod setUp" time="0.0">
    <skipped/>
  </testcase> <!-- @BeforeMethod setUp -->
  <testcase classname="com.ui.tests.TestBase" name="@BeforeMethod setUp" time="0.0">
    <skipped/>
  </testcase> <!-- @BeforeMethod setUp -->
  <testcase classname="com.ui.tests.TestBase" name="@BeforeMethod setUp" time="0.0">
    <skipped/>
  </testcase> <!-- @BeforeMethod setUp -->
  <testcase classname="com.ui.tests.TestBase" name="@BeforeMethod setUp" time="0.0">
    <skipped/>
  </testcase> <!-- @BeforeMethod setUp -->
  <testcase classname="com.ui.tests.LoginTestOld" name="loginCSVTest" time="0.0">
    <skipped/>
  </testcase> <!-- loginCSVTest -->
  <testcase classname="com.ui.tests.LoginTestOld" name="loginTest" time="0.0">
    <skipped/>
  </testcase> <!-- loginTest -->
  <testcase classname="com.ui.tests.LoginTestOld" name="loginExcelTest" time="0.0">
    <skipped/>
  </testcase> <!-- loginExcelTest -->
  <testcase classname="com.ui.tests.LoginTestOld" name="loginExcelTest" time="0.0">
    <skipped/>
  </testcase> <!-- loginExcelTest -->
  <testcase classname="com.ui.tests.LoginTestOld" name="loginCSVTest" time="0.0">
    <skipped/>
  </testcase> <!-- loginCSVTest -->
  <testcase classname="com.ui.tests.LoginTestOld" name="loginTest" time="0.0">
    <skipped/>
  </testcase> <!-- loginTest -->
  <testcase classname="com.ui.tests.LoginTestOld" name="loginExcelTest" time="0.0">
    <skipped/>
  </testcase> <!-- loginExcelTest -->
  <testcase classname="com.ui.tests.LoginTestOld" name="loginCSVTest" time="0.0">
    <skipped/>
  </testcase> <!-- loginCSVTest -->
  <testcase classname="com.ui.tests.LoginTestOld" name="loginTest" time="0.0">
    <skipped/>
  </testcase> <!-- loginTest -->
</testsuite> <!-- UI Automation Test -->
