<?xml version="1.0" encoding="UTF-8"?>
<!-- Generated by org.testng.reporters.JUnitReportReporter -->
<testsuite hostname="DESKTOP-TAKAIVJ" failures="0" tests="12" name="com.ui.tests.LoginTestOld" time="351.275" errors="3" timestamp="2026-03-10T09:51:40 IST" skipped="9">
  <testcase classname="com.ui.tests.LoginTestOld" name="setUp" time="123.408">
    <error message="Could not start a new session. Response code 500. Message: session not created: DevToolsActivePort file doesn&#039;t exist 
Host info: host: &#039;DESKTOP-TAKAIVJ&#039;, ip: &#039;192.168.31.115&#039;
Build info: version: &#039;4.41.0&#039;, revision: &#039;9fc754f&#039;
System info: os.name: &#039;Windows 10&#039;, os.arch: &#039;amd64&#039;, os.version: &#039;10.0&#039;, java.version: &#039;21.0.8&#039;
Driver info: org.openqa.selenium.chrome.ChromeDriver
Command: [null, newSession {capabilities=[Capabilities {browserName: chrome, goog:chromeOptions: {args: [], binary: C:\Program Files\Google\Chr..., extensions: []}}]}]" type="org.openqa.selenium.SessionNotCreatedException">
      <![CDATA[org.openqa.selenium.SessionNotCreatedException: Could not start a new session. Response code 500. Message: session not created: DevToolsActivePort file doesn't exist 
Host info: host: 'DESKTOP-TAKAIVJ', ip: '192.168.31.115'
Build info: version: '4.41.0', revision: '9fc754f'
System info: os.name: 'Windows 10', os.arch: 'amd64', os.version: '10.0', java.version: '21.0.8'
Driver info: org.openqa.selenium.chrome.ChromeDriver
Command: [null, newSession {capabilities=[Capabilities {browserName: chrome, goog:chromeOptions: {args: [], binary: C:\Program Files\Google\Chr..., extensions: []}}]}]
at org.openqa.selenium.remote.ProtocolHandshake.createSession(ProtocolHandshake.java:114)
at org.openqa.selenium.remote.ProtocolHandshake.createSession(ProtocolHandshake.java:75)
at org.openqa.selenium.remote.ProtocolHandshake.createSession(ProtocolHandshake.java:61)
at org.openqa.selenium.remote.HttpCommandExecutor.execute(HttpCommandExecutor.java:195)
at org.openqa.selenium.remote.service.DriverCommandExecutor.invokeExecute(DriverCommandExecutor.java:216)
at org.openqa.selenium.remote.service.DriverCommandExecutor.execute(DriverCommandExecutor.java:174)
at org.openqa.selenium.remote.RemoteWebDriver.execute(RemoteWebDriver.java:604)
at org.openqa.selenium.remote.RemoteWebDriver.startSession(RemoteWebDriver.java:288)
at org.openqa.selenium.remote.RemoteWebDriver.<init>(RemoteWebDriver.java:211)
at org.openqa.selenium.chromium.ChromiumDriver.<init>(ChromiumDriver.java:115)
at org.openqa.selenium.chrome.ChromeDriver.<init>(ChromeDriver.java:92)
at org.openqa.selenium.chrome.ChromeDriver.<init>(ChromeDriver.java:87)
at org.openqa.selenium.chrome.ChromeDriver.<init>(ChromeDriver.java:51)
at com.utility.BrowserUtility.<init>(BrowserUtility.java:46)
at com.ui.pages.HomePage.<init>(HomePage.java:16)
at com.ui.tests.TestBase.setUp(TestBase.java:20)
at java.base/jdk.internal.reflect.DirectMethodHandleAccessor.invoke(DirectMethodHandleAccessor.java:103)
at java.base/java.lang.reflect.Method.invoke(Method.java:580)
at org.testng.internal.invokers.MethodInvocationHelper.invokeMethod(MethodInvocationHelper.java:141)
at org.testng.internal.invokers.MethodInvocationHelper.invokeMethodConsideringTimeout(MethodInvocationHelper.java:71)
at org.testng.internal.invokers.ConfigInvoker.invokeConfigurationMethod(ConfigInvoker.java:400)
at org.testng.internal.invokers.ConfigInvoker.invokeConfigurations(ConfigInvoker.java:333)
at org.testng.internal.invokers.TestInvoker.runConfigMethods(TestInvoker.java:846)
at org.testng.internal.invokers.TestInvoker.invokeMethod(TestInvoker.java:611)
at org.testng.internal.invokers.TestInvoker.invokeTestMethod(TestInvoker.java:230)
at org.testng.internal.invokers.MethodRunner.runInSequence(MethodRunner.java:63)
at org.testng.internal.invokers.TestInvoker$MethodInvocationAgent.invoke(TestInvoker.java:1005)
at org.testng.internal.invokers.TestInvoker.invokeTestMethods(TestInvoker.java:203)
at org.testng.internal.invokers.TestMethodWorker.invokeTestMethods(TestMethodWorker.java:154)
at org.testng.internal.invokers.TestMethodWorker.run(TestMethodWorker.java:134)
at java.base/java.util.concurrent.Executors$RunnableAdapter.call(Executors.java:572)
at java.base/java.util.concurrent.FutureTask.run(FutureTask.java:317)
at org.testng.internal.thread.graph.TestNGFutureTask.run(TestNGFutureTask.java:22)
at java.base/java.util.concurrent.ThreadPoolExecutor.runWorker(ThreadPoolExecutor.java:1144)
at java.base/java.util.concurrent.ThreadPoolExecutor$Worker.run(ThreadPoolExecutor.java:642)
at java.base/java.lang.Thread.run(Thread.java:1583)
]]>
    </error>
  </testcase> <!-- setUp -->
  <testcase classname="com.ui.tests.LoginTestOld" name="loginExcelTest" time="0.000">
    <skipped/>
  </testcase> <!-- loginExcelTest -->
  <testcase classname="com.ui.tests.LoginTestOld" name="loginExcelTest" time="0.000">
    <skipped/>
  </testcase> <!-- loginExcelTest -->
  <testcase classname="com.ui.tests.LoginTestOld" name="loginTest" time="0.000">
    <skipped/>
  </testcase> <!-- loginTest -->
  <testcase classname="com.ui.tests.LoginTestOld" name="setUp" time="104.418">
    <error message="Could not start a new session. Response code 500. Message: session not created: DevToolsActivePort file doesn&#039;t exist 
Host info: host: &#039;DESKTOP-TAKAIVJ&#039;, ip: &#039;192.168.31.115&#039;
Build info: version: &#039;4.41.0&#039;, revision: &#039;9fc754f&#039;
System info: os.name: &#039;Windows 10&#039;, os.arch: &#039;amd64&#039;, os.version: &#039;10.0&#039;, java.version: &#039;21.0.8&#039;
Driver info: org.openqa.selenium.chrome.ChromeDriver
Command: [null, newSession {capabilities=[Capabilities {browserName: chrome, goog:chromeOptions: {args: [], binary: C:\Program Files\Google\Chr..., extensions: []}}]}]" type="org.openqa.selenium.SessionNotCreatedException">
      <![CDATA[org.openqa.selenium.SessionNotCreatedException: Could not start a new session. Response code 500. Message: session not created: DevToolsActivePort file doesn't exist 
Host info: host: 'DESKTOP-TAKAIVJ', ip: '192.168.31.115'
Build info: version: '4.41.0', revision: '9fc754f'
System info: os.name: 'Windows 10', os.arch: 'amd64', os.version: '10.0', java.version: '21.0.8'
Driver info: org.openqa.selenium.chrome.ChromeDriver
Command: [null, newSession {capabilities=[Capabilities {browserName: chrome, goog:chromeOptions: {args: [], binary: C:\Program Files\Google\Chr..., extensions: []}}]}]
at org.openqa.selenium.remote.ProtocolHandshake.createSession(ProtocolHandshake.java:114)
at org.openqa.selenium.remote.ProtocolHandshake.createSession(ProtocolHandshake.java:75)
at org.openqa.selenium.remote.ProtocolHandshake.createSession(ProtocolHandshake.java:61)
at org.openqa.selenium.remote.HttpCommandExecutor.execute(HttpCommandExecutor.java:195)
at org.openqa.selenium.remote.service.DriverCommandExecutor.invokeExecute(DriverCommandExecutor.java:216)
at org.openqa.selenium.remote.service.DriverCommandExecutor.execute(DriverCommandExecutor.java:174)
at org.openqa.selenium.remote.RemoteWebDriver.execute(RemoteWebDriver.java:604)
at org.openqa.selenium.remote.RemoteWebDriver.startSession(RemoteWebDriver.java:288)
at org.openqa.selenium.remote.RemoteWebDriver.<init>(RemoteWebDriver.java:211)
at org.openqa.selenium.chromium.ChromiumDriver.<init>(ChromiumDriver.java:115)
at org.openqa.selenium.chrome.ChromeDriver.<init>(ChromeDriver.java:92)
at org.openqa.selenium.chrome.ChromeDriver.<init>(ChromeDriver.java:87)
at org.openqa.selenium.chrome.ChromeDriver.<init>(ChromeDriver.java:51)
at com.utility.BrowserUtility.<init>(BrowserUtility.java:46)
at com.ui.pages.HomePage.<init>(HomePage.java:16)
at com.ui.tests.TestBase.setUp(TestBase.java:20)
at java.base/jdk.internal.reflect.DirectMethodHandleAccessor.invoke(DirectMethodHandleAccessor.java:103)
at java.base/java.lang.reflect.Method.invoke(Method.java:580)
at org.testng.internal.invokers.MethodInvocationHelper.invokeMethod(MethodInvocationHelper.java:141)
at org.testng.internal.invokers.MethodInvocationHelper.invokeMethodConsideringTimeout(MethodInvocationHelper.java:71)
at org.testng.internal.invokers.ConfigInvoker.invokeConfigurationMethod(ConfigInvoker.java:400)
at org.testng.internal.invokers.ConfigInvoker.invokeConfigurations(ConfigInvoker.java:333)
at org.testng.internal.invokers.TestInvoker.runConfigMethods(TestInvoker.java:846)
at org.testng.internal.invokers.TestInvoker.invokeMethod(TestInvoker.java:611)
at org.testng.internal.invokers.TestInvoker.invokeTestMethod(TestInvoker.java:230)
at org.testng.internal.invokers.MethodRunner.runInSequence(MethodRunner.java:63)
at org.testng.internal.invokers.TestInvoker$MethodInvocationAgent.invoke(TestInvoker.java:1005)
at org.testng.internal.invokers.TestInvoker.invokeTestMethods(TestInvoker.java:203)
at org.testng.internal.invokers.TestMethodWorker.invokeTestMethods(TestMethodWorker.java:154)
at org.testng.internal.invokers.TestMethodWorker.run(TestMethodWorker.java:134)
at java.base/java.util.concurrent.Executors$RunnableAdapter.call(Executors.java:572)
at java.base/java.util.concurrent.FutureTask.run(FutureTask.java:317)
at org.testng.internal.thread.graph.TestNGFutureTask.run(TestNGFutureTask.java:22)
at java.base/java.util.concurrent.ThreadPoolExecutor.runWorker(ThreadPoolExecutor.java:1144)
at java.base/java.util.concurrent.ThreadPoolExecutor$Worker.run(ThreadPoolExecutor.java:642)
at java.base/java.lang.Thread.run(Thread.java:1583)
]]>
    </error>
  </testcase> <!-- setUp -->
  <testcase classname="com.ui.tests.LoginTestOld" name="loginCSVTest" time="0.000">
    <skipped/>
  </testcase> <!-- loginCSVTest -->
  <testcase classname="com.ui.tests.LoginTestOld" name="loginExcelTest" time="0.000">
    <skipped/>
  </testcase> <!-- loginExcelTest -->
  <testcase classname="com.ui.tests.LoginTestOld" name="loginCSVTest" time="0.000">
    <skipped/>
  </testcase> <!-- loginCSVTest -->
  <testcase classname="com.ui.tests.LoginTestOld" name="loginTest" time="0.000">
    <skipped/>
  </testcase> <!-- loginTest -->
  <testcase classname="com.ui.tests.LoginTestOld" name="loginCSVTest" time="0.000">
    <skipped/>
  </testcase> <!-- loginCSVTest -->
  <testcase classname="com.ui.tests.LoginTestOld" name="loginTest" time="0.000">
    <skipped/>
  </testcase> <!-- loginTest -->
  <testcase classname="com.ui.tests.LoginTestOld" name="setUp" time="123.449">
    <error message="Could not start a new session. Response code 500. Message: session not created: DevToolsActivePort file doesn&#039;t exist 
Host info: host: &#039;DESKTOP-TAKAIVJ&#039;, ip: &#039;192.168.31.115&#039;
Build info: version: &#039;4.41.0&#039;, revision: &#039;9fc754f&#039;
System info: os.name: &#039;Windows 10&#039;, os.arch: &#039;amd64&#039;, os.version: &#039;10.0&#039;, java.version: &#039;21.0.8&#039;
Driver info: org.openqa.selenium.chrome.ChromeDriver
Command: [null, newSession {capabilities=[Capabilities {browserName: chrome, goog:chromeOptions: {args: [], binary: C:\Program Files\Google\Chr..., extensions: []}}]}]" type="org.openqa.selenium.SessionNotCreatedException">
      <![CDATA[org.openqa.selenium.SessionNotCreatedException: Could not start a new session. Response code 500. Message: session not created: DevToolsActivePort file doesn't exist 
Host info: host: 'DESKTOP-TAKAIVJ', ip: '192.168.31.115'
Build info: version: '4.41.0', revision: '9fc754f'
System info: os.name: 'Windows 10', os.arch: 'amd64', os.version: '10.0', java.version: '21.0.8'
Driver info: org.openqa.selenium.chrome.ChromeDriver
Command: [null, newSession {capabilities=[Capabilities {browserName: chrome, goog:chromeOptions: {args: [], binary: C:\Program Files\Google\Chr..., extensions: []}}]}]
at org.openqa.selenium.remote.ProtocolHandshake.createSession(ProtocolHandshake.java:114)
at org.openqa.selenium.remote.ProtocolHandshake.createSession(ProtocolHandshake.java:75)
at org.openqa.selenium.remote.ProtocolHandshake.createSession(ProtocolHandshake.java:61)
at org.openqa.selenium.remote.HttpCommandExecutor.execute(HttpCommandExecutor.java:195)
at org.openqa.selenium.remote.service.DriverCommandExecutor.invokeExecute(DriverCommandExecutor.java:216)
at org.openqa.selenium.remote.service.DriverCommandExecutor.execute(DriverCommandExecutor.java:174)
at org.openqa.selenium.remote.RemoteWebDriver.execute(RemoteWebDriver.java:604)
at org.openqa.selenium.remote.RemoteWebDriver.startSession(RemoteWebDriver.java:288)
at org.openqa.selenium.remote.RemoteWebDriver.<init>(RemoteWebDriver.java:211)
at org.openqa.selenium.chromium.ChromiumDriver.<init>(ChromiumDriver.java:115)
at org.openqa.selenium.chrome.ChromeDriver.<init>(ChromeDriver.java:92)
at org.openqa.selenium.chrome.ChromeDriver.<init>(ChromeDriver.java:87)
at org.openqa.selenium.chrome.ChromeDriver.<init>(ChromeDriver.java:51)
at com.utility.BrowserUtility.<init>(BrowserUtility.java:46)
at com.ui.pages.HomePage.<init>(HomePage.java:16)
at com.ui.tests.TestBase.setUp(TestBase.java:20)
at java.base/jdk.internal.reflect.DirectMethodHandleAccessor.invoke(DirectMethodHandleAccessor.java:103)
at java.base/java.lang.reflect.Method.invoke(Method.java:580)
at org.testng.internal.invokers.MethodInvocationHelper.invokeMethod(MethodInvocationHelper.java:141)
at org.testng.internal.invokers.MethodInvocationHelper.invokeMethodConsideringTimeout(MethodInvocationHelper.java:71)
at org.testng.internal.invokers.ConfigInvoker.invokeConfigurationMethod(ConfigInvoker.java:400)
at org.testng.internal.invokers.ConfigInvoker.invokeConfigurations(ConfigInvoker.java:333)
at org.testng.internal.invokers.TestInvoker.runConfigMethods(TestInvoker.java:846)
at org.testng.internal.invokers.TestInvoker.invokeMethod(TestInvoker.java:611)
at org.testng.internal.invokers.TestInvoker.invokeTestMethod(TestInvoker.java:230)
at org.testng.internal.invokers.MethodRunner.runInSequence(MethodRunner.java:63)
at org.testng.internal.invokers.TestInvoker$MethodInvocationAgent.invoke(TestInvoker.java:1005)
at org.testng.internal.invokers.TestInvoker.invokeTestMethods(TestInvoker.java:203)
at org.testng.internal.invokers.TestMethodWorker.invokeTestMethods(TestMethodWorker.java:154)
at org.testng.internal.invokers.TestMethodWorker.run(TestMethodWorker.java:134)
at java.base/java.util.concurrent.Executors$RunnableAdapter.call(Executors.java:572)
at java.base/java.util.concurrent.FutureTask.run(FutureTask.java:317)
at org.testng.internal.thread.graph.TestNGFutureTask.run(TestNGFutureTask.java:22)
at java.base/java.util.concurrent.ThreadPoolExecutor.runWorker(ThreadPoolExecutor.java:1144)
at java.base/java.util.concurrent.ThreadPoolExecutor$Worker.run(ThreadPoolExecutor.java:642)
at java.base/java.lang.Thread.run(Thread.java:1583)
]]>
    </error>
  </testcase> <!-- setUp -->
</testsuite> <!-- com.ui.tests.LoginTestOld -->
